<?xml version="1.0" encoding="UTF-8"?>
<!-- Generated by org.testng.reporters.JUnitXMLReporter -->
<testsuite ignored="0" hostname="DESKTOP-3C9HAJ0" failures="1" tests="1" name="Test" time="29.92" errors="0" timestamp="2023-02-03T17:12:12 IST">
  <testcase classname="AllTestCases.Device1Tests" name="device1_WB_Test" time="1.106">
    <failure type="org.openqa.selenium.WebDriverException" message="An unknown server-side error occurred while processing the command. Original error: Cannot start the &amp;apos;com.whatsapp.w4b&amp;apos; application. Visit https://github.com/appium/appium/blob/master/docs/en/writing-running-appium/android/activity-startup.md for troubleshooting. Original error: Error executing adbExec. Original error: &amp;apos;Command &amp;apos;C:\\Users\\patil\\AppData\\Local\\Android\\Sdk\\platform-tools\\adb.exe -P 5037 -s 192.168.29.129\:5555 shell am start -W -n com.whatsapp.w4b/com.whatsapp.settings.Settings -S&amp;apos; exited with code 255&amp;apos;; Command output: Security exception: Permission Denial: starting Intent { flg=0x10000000 cmp=com.whatsapp.w4b/com.whatsapp.settings.Settings } from null (pid=25113, uid=2000) not exported from uid 10229

java.lang.SecurityException: Permission Denial: starting Intent { flg=0x10000000 cmp=com.whatsapp.w4b/com.whatsapp.settings.Settings } from null (pid=25113, uid=2000) not exported from uid 10229
	at com.android.server.wm.ActivityStackSupervisor.checkStartAnyActivityPermission(ActivityStackSupervisor.java:1089)
	at com.android.server.wm.ActivityStarter.startActivity(ActivityStarter.java:789)
	at com.android.server.wm.ActivityStarter.startActivity(ActivityStarter.java:588)
	at com.android.server.wm.ActivityStarter.startActivityMayWait(ActivityStarter.java:1392)
	at com.android.server.wm.ActivityStarter.execute(ActivityStarter.java:519)
	at com.android.server.wm.ActivityTaskManagerService.startActivityAndWait(ActivityTaskManagerService.java:1264)
	at com.android.server.am.ActivityManagerService.startActivityAndWait(ActivityManagerService.java:3581)
	at com.android.server.am.ActivityManagerShellCommand.runStartActivity(ActivityManagerShellCommand.java:513)
	at com.android.server.am.ActivityManagerShellCommand.onCommand(ActivityManagerShellCommand.java:172)
	at android.os.ShellCommand.exec(ShellCommand.java:111)
	at com.android.server.am.ActivityManagerService.onShellCommand(ActivityManagerService.java:10093)
	at android.os.Binder.shellCommand(Binder.java:881)
	at android.os.Binder.onTransact(Binder.java:765)
	at android.app.IActivityManager$Stub.onTransact(IActivityManager.java:4727)
	at com.android.server.am.ActivityManagerService.onTransact(ActivityManagerService.java:2799)
	at android.os.Binder.execTransactInternal(Binder.java:1021)
	at android.os.Binder.execTransact(Binder.java:994)

Build info: version: &amp;apos;4.8.0&amp;apos;, revision: &amp;apos;267030adea&amp;apos;
System info: os.name: &amp;apos;Windows 10&amp;apos;, os.arch: &amp;apos;amd64&amp;apos;, os.version: &amp;apos;10.0&amp;apos;, java.version: &amp;apos;17.0.4.1&amp;apos;
Driver info: io.appium.java_client.android.AndroidDriver
Command: [35879d93-2073-47a5-8f4d-e652cf5e53a1, startActivity {appPackage=com.whatsapp.w4b, appActivity=com.whatsapp.settings.Settings, appWaitPackage=, appWaitActivity=, dontStopAppOnReset=false, intentAction=, intentCategory=, intentFlags=, optionalIntentArguments=}]
Capabilities {appium:automationName: UIAutomator2, appium:databaseEnabled: false, appium:desired: {automationName: UIAutomator2, platformName: android, udid: 192.168.29.129:5555}, appium:deviceApiLevel: 29, appium:deviceManufacturer: Xiaomi, appium:deviceModel: POCO F1, appium:deviceName: 192.168.29.129:5555, appium:deviceScreenDensity: 440, appium:deviceScreenSize: 1080x2246, appium:deviceUDID: 192.168.29.129:5555, appium:javascriptEnabled: true, appium:locationContextEnabled: false, appium:networkConnectionEnabled: true, appium:pixelRatio: 2.75, appium:platformVersion: 10, appium:statBarHeight: 89, appium:takesScreenshot: true, appium:udid: 192.168.29.129:5555, appium:viewportRect: {height: 1938, left: 0, top: 89, width: 1080}, appium:warnings: {}, appium:webStorageEnabled: false, platformName: ANDROID}
Session ID: 35879d93-2073-47a5-8f4d-e652cf5e53a1">
      <![CDATA[org.openqa.selenium.WebDriverException: An unknown server-side error occurred while processing the command. Original error: Cannot start the 'com.whatsapp.w4b' application. Visit https://github.com/appium/appium/blob/master/docs/en/writing-running-appium/android/activity-startup.md for troubleshooting. Original error: Error executing adbExec. Original error: 'Command 'C:\\Users\\patil\\AppData\\Local\\Android\\Sdk\\platform-tools\\adb.exe -P 5037 -s 192.168.29.129\:5555 shell am start -W -n com.whatsapp.w4b/com.whatsapp.settings.Settings -S' exited with code 255'; Command output: Security exception: Permission Denial: starting Intent { flg=0x10000000 cmp=com.whatsapp.w4b/com.whatsapp.settings.Settings } from null (pid=25113, uid=2000) not exported from uid 10229

java.lang.SecurityException: Permission Denial: starting Intent { flg=0x10000000 cmp=com.whatsapp.w4b/com.whatsapp.settings.Settings } from null (pid=25113, uid=2000) not exported from uid 10229
at com.android.server.wm.ActivityStackSupervisor.checkStartAnyActivityPermission(ActivityStackSupervisor.java:1089)
at com.android.server.wm.ActivityStarter.startActivity(ActivityStarter.java:789)
at com.android.server.wm.ActivityStarter.startActivity(ActivityStarter.java:588)
at com.android.server.wm.ActivityStarter.startActivityMayWait(ActivityStarter.java:1392)
at com.android.server.wm.ActivityStarter.execute(ActivityStarter.java:519)
at com.android.server.wm.ActivityTaskManagerService.startActivityAndWait(ActivityTaskManagerService.java:1264)
at com.android.server.am.ActivityManagerService.startActivityAndWait(ActivityManagerService.java:3581)
at com.android.server.am.ActivityManagerShellCommand.runStartActivity(ActivityManagerShellCommand.java:513)
at com.android.server.am.ActivityManagerShellCommand.onCommand(ActivityManagerShellCommand.java:172)
at android.os.ShellCommand.exec(ShellCommand.java:111)
at com.android.server.am.ActivityManagerService.onShellCommand(ActivityManagerService.java:10093)
at android.os.Binder.shellCommand(Binder.java:881)
at android.os.Binder.onTransact(Binder.java:765)
at android.app.IActivityManager$Stub.onTransact(IActivityManager.java:4727)
at com.android.server.am.ActivityManagerService.onTransact(ActivityManagerService.java:2799)
at android.os.Binder.execTransactInternal(Binder.java:1021)
at android.os.Binder.execTransact(Binder.java:994)

Build info: version: '4.8.0', revision: '267030adea'
System info: os.name: 'Windows 10', os.arch: 'amd64', os.version: '10.0', java.version: '17.0.4.1'
Driver info: io.appium.java_client.android.AndroidDriver
Command: [35879d93-2073-47a5-8f4d-e652cf5e53a1, startActivity {appPackage=com.whatsapp.w4b, appActivity=com.whatsapp.settings.Settings, appWaitPackage=, appWaitActivity=, dontStopAppOnReset=false, intentAction=, intentCategory=, intentFlags=, optionalIntentArguments=}]
Capabilities {appium:automationName: UIAutomator2, appium:databaseEnabled: false, appium:desired: {automationName: UIAutomator2, platformName: android, udid: 192.168.29.129:5555}, appium:deviceApiLevel: 29, appium:deviceManufacturer: Xiaomi, appium:deviceModel: POCO F1, appium:deviceName: 192.168.29.129:5555, appium:deviceScreenDensity: 440, appium:deviceScreenSize: 1080x2246, appium:deviceUDID: 192.168.29.129:5555, appium:javascriptEnabled: true, appium:locationContextEnabled: false, appium:networkConnectionEnabled: true, appium:pixelRatio: 2.75, appium:platformVersion: 10, appium:statBarHeight: 89, appium:takesScreenshot: true, appium:udid: 192.168.29.129:5555, appium:viewportRect: {height: 1938, left: 0, top: 89, width: 1080}, appium:warnings: {}, appium:webStorageEnabled: false, platformName: ANDROID}
Session ID: 35879d93-2073-47a5-8f4d-e652cf5e53a1
at org.openqa.selenium.remote.codec.w3c.W3CHttpResponseCodec.createException(W3CHttpResponseCodec.java:200)
at org.openqa.selenium.remote.codec.w3c.W3CHttpResponseCodec.decode(W3CHttpResponseCodec.java:133)
at org.openqa.selenium.remote.codec.w3c.W3CHttpResponseCodec.decode(W3CHttpResponseCodec.java:53)
at org.openqa.selenium.remote.HttpCommandExecutor.execute(HttpCommandExecutor.java:184)
at io.appium.java_client.remote.AppiumCommandExecutor.execute(AppiumCommandExecutor.java:262)
at org.openqa.selenium.remote.RemoteWebDriver.execute(RemoteWebDriver.java:543)
at org.openqa.selenium.remote.RemoteWebDriver.execute(RemoteWebDriver.java:598)
at io.appium.java_client.AppiumDriver.execute(AppiumDriver.java:267)
at io.appium.java_client.CommandExecutionHelper.execute(CommandExecutionHelper.java:27)
at io.appium.java_client.android.StartsActivity.startActivity(StartsActivity.java:45)
at Backup.Actions.startHomeActivity(Actions.java:63)
at AllTestCases.Device1Tests.device1_WB_Test(Device1Tests.java:48)
at java.base/java.util.ArrayList.forEach(ArrayList.java:1511)
... Removed 32 stack frames]]>
    </failure>
  </testcase> <!-- device1_WB_Test -->
</testsuite> <!-- Test -->
