<?xml version="1.0" encoding="UTF-8"?>
<testng-results ignored="0" total="1" passed="0" failed="1" skipped="0">
  <reporter-output>
  </reporter-output>
  <suite started-at="2023-02-03T17:11:41 IST" name="Suite" finished-at="2023-02-03T17:12:11 IST" duration-ms="29920">
    <groups>
    </groups>
    <test started-at="2023-02-03T17:11:41 IST" name="Test" finished-at="2023-02-03T17:12:11 IST" duration-ms="29920">
      <class name="AllTestCases.Device1Tests">
        <test-method is-config="true" signature="startAppiumServer()[pri:0, instance:AllTestCases.Device1Tests@1aa7ecca]" started-at="2023-02-03T17:11:41 IST" name="startAppiumServer" finished-at="2023-02-03T17:12:10 IST" duration-ms="28622" status="PASS">
          <reporter-output>
          </reporter-output>
        </test-method> <!-- startAppiumServer -->
        <test-method signature="device1_WB_Test()[pri:3, instance:AllTestCases.Device1Tests@1aa7ecca]" started-at="2023-02-03T17:12:10 IST" name="device1_WB_Test" finished-at="2023-02-03T17:12:11 IST" duration-ms="1106" status="FAIL">
          <exception class="org.openqa.selenium.WebDriverException">
            <message>
              <![CDATA[An unknown server-side error occurred while processing the command. Original error: Cannot start the 'com.whatsapp.w4b' application. Visit https://github.com/appium/appium/blob/master/docs/en/writing-running-appium/android/activity-startup.md for troubleshooting. Original error: Error executing adbExec. Original error: 'Command 'C:\\Users\\patil\\AppData\\Local\\Android\\Sdk\\platform-tools\\adb.exe -P 5037 -s 192.168.29.129\:5555 shell am start -W -n com.whatsapp.w4b/com.whatsapp.settings.Settings -S' exited with code 255'; Command output: Security exception: Permission Denial: starting Intent { flg=0x10000000 cmp=com.whatsapp.w4b/com.whatsapp.settings.Settings } from null (pid=25113, uid=2000) not exported from uid 10229

java.lang.SecurityException: Permission Denial: starting Intent { flg=0x10000000 cmp=com.whatsapp.w4b/com.whatsapp.settings.Settings } from null (pid=25113, uid=2000) not exported from uid 10229
at com.android.server.wm.ActivityStackSupervisor.checkStartAnyActivityPermission(ActivityStackSupervisor.java:1089)
at com.android.server.wm.ActivityStarter.startActivity(ActivityStarter.java:789)
at com.android.server.wm.ActivityStarter.startActivity(ActivityStarter.java:588)
at com.android.server.wm.ActivityStarter.startActivityMayWait(ActivityStarter.java:1392)
at com.android.server.wm.ActivityStarter.execute(ActivityStarter.java:519)
at com.android.server.wm.ActivityTaskManagerService.startActivityAndWait(ActivityTaskManagerService.java:1264)
at com.android.server.am.ActivityManagerService.startActivityAndWait(ActivityManagerService.java:3581)
at com.android.server.am.ActivityManagerShellCommand.runStartActivity(ActivityManagerShellCommand.java:513)
at com.android.server.am.ActivityManagerShellCommand.onCommand(ActivityManagerShellCommand.java:172)
at android.os.ShellCommand.exec(ShellCommand.java:111)
at com.android.server.am.ActivityManagerService.onShellCommand(ActivityManagerService.java:10093)
at android.os.Binder.shellCommand(Binder.java:881)
at android.os.Binder.onTransact(Binder.java:765)
at android.app.IActivityManager$Stub.onTransact(IActivityManager.java:4727)
at com.android.server.am.ActivityManagerService.onTransact(ActivityManagerService.java:2799)
at android.os.Binder.execTransactInternal(Binder.java:1021)
at android.os.Binder.execTransact(Binder.java:994)

Build info: version: '4.8.0', revision: '267030adea'
System info: os.name: 'Windows 10', os.arch: 'amd64', os.version: '10.0', java.version: '17.0.4.1'
Driver info: io.appium.java_client.android.AndroidDriver
Command: [35879d93-2073-47a5-8f4d-e652cf5e53a1, startActivity {appPackage=com.whatsapp.w4b, appActivity=com.whatsapp.settings.Settings, appWaitPackage=, appWaitActivity=, dontStopAppOnReset=false, intentAction=, intentCategory=, intentFlags=, optionalIntentArguments=}]
Capabilities {appium:automationName: UIAutomator2, appium:databaseEnabled: false, appium:desired: {automationName: UIAutomator2, platformName: android, udid: 192.168.29.129:5555}, appium:deviceApiLevel: 29, appium:deviceManufacturer: Xiaomi, appium:deviceModel: POCO F1, appium:deviceName: 192.168.29.129:5555, appium:deviceScreenDensity: 440, appium:deviceScreenSize: 1080x2246, appium:deviceUDID: 192.168.29.129:5555, appium:javascriptEnabled: true, appium:locationContextEnabled: false, appium:networkConnectionEnabled: true, appium:pixelRatio: 2.75, appium:platformVersion: 10, appium:statBarHeight: 89, appium:takesScreenshot: true, appium:udid: 192.168.29.129:5555, appium:viewportRect: {height: 1938, left: 0, top: 89, width: 1080}, appium:warnings: {}, appium:webStorageEnabled: false, platformName: ANDROID}
Session ID: 35879d93-2073-47a5-8f4d-e652cf5e53a1]]>
            </message>
            <full-stacktrace>
              <![CDATA[org.openqa.selenium.WebDriverException: An unknown server-side error occurred while processing the command. Original error: Cannot start the 'com.whatsapp.w4b' application. Visit https://github.com/appium/appium/blob/master/docs/en/writing-running-appium/android/activity-startup.md for troubleshooting. Original error: Error executing adbExec. Original error: 'Command 'C:\\Users\\patil\\AppData\\Local\\Android\\Sdk\\platform-tools\\adb.exe -P 5037 -s 192.168.29.129\:5555 shell am start -W -n com.whatsapp.w4b/com.whatsapp.settings.Settings -S' exited with code 255'; Command output: Security exception: Permission Denial: starting Intent { flg=0x10000000 cmp=com.whatsapp.w4b/com.whatsapp.settings.Settings } from null (pid=25113, uid=2000) not exported from uid 10229

java.lang.SecurityException: Permission Denial: starting Intent { flg=0x10000000 cmp=com.whatsapp.w4b/com.whatsapp.settings.Settings } from null (pid=25113, uid=2000) not exported from uid 10229
at com.android.server.wm.ActivityStackSupervisor.checkStartAnyActivityPermission(ActivityStackSupervisor.java:1089)
at com.android.server.wm.ActivityStarter.startActivity(ActivityStarter.java:789)
at com.android.server.wm.ActivityStarter.startActivity(ActivityStarter.java:588)
at com.android.server.wm.ActivityStarter.startActivityMayWait(ActivityStarter.java:1392)
at com.android.server.wm.ActivityStarter.execute(ActivityStarter.java:519)
at com.android.server.wm.ActivityTaskManagerService.startActivityAndWait(ActivityTaskManagerService.java:1264)
at com.android.server.am.ActivityManagerService.startActivityAndWait(ActivityManagerService.java:3581)
at com.android.server.am.ActivityManagerShellCommand.runStartActivity(ActivityManagerShellCommand.java:513)
at com.android.server.am.ActivityManagerShellCommand.onCommand(ActivityManagerShellCommand.java:172)
at android.os.ShellCommand.exec(ShellCommand.java:111)
at com.android.server.am.ActivityManagerService.onShellCommand(ActivityManagerService.java:10093)
at android.os.Binder.shellCommand(Binder.java:881)
at android.os.Binder.onTransact(Binder.java:765)
at android.app.IActivityManager$Stub.onTransact(IActivityManager.java:4727)
at com.android.server.am.ActivityManagerService.onTransact(ActivityManagerService.java:2799)
at android.os.Binder.execTransactInternal(Binder.java:1021)
at android.os.Binder.execTransact(Binder.java:994)

Build info: version: '4.8.0', revision: '267030adea'
System info: os.name: 'Windows 10', os.arch: 'amd64', os.version: '10.0', java.version: '17.0.4.1'
Driver info: io.appium.java_client.android.AndroidDriver
Command: [35879d93-2073-47a5-8f4d-e652cf5e53a1, startActivity {appPackage=com.whatsapp.w4b, appActivity=com.whatsapp.settings.Settings, appWaitPackage=, appWaitActivity=, dontStopAppOnReset=false, intentAction=, intentCategory=, intentFlags=, optionalIntentArguments=}]
Capabilities {appium:automationName: UIAutomator2, appium:databaseEnabled: false, appium:desired: {automationName: UIAutomator2, platformName: android, udid: 192.168.29.129:5555}, appium:deviceApiLevel: 29, appium:deviceManufacturer: Xiaomi, appium:deviceModel: POCO F1, appium:deviceName: 192.168.29.129:5555, appium:deviceScreenDensity: 440, appium:deviceScreenSize: 1080x2246, appium:deviceUDID: 192.168.29.129:5555, appium:javascriptEnabled: true, appium:locationContextEnabled: false, appium:networkConnectionEnabled: true, appium:pixelRatio: 2.75, appium:platformVersion: 10, appium:statBarHeight: 89, appium:takesScreenshot: true, appium:udid: 192.168.29.129:5555, appium:viewportRect: {height: 1938, left: 0, top: 89, width: 1080}, appium:warnings: {}, appium:webStorageEnabled: false, platformName: ANDROID}
Session ID: 35879d93-2073-47a5-8f4d-e652cf5e53a1
at java.base/jdk.internal.reflect.NativeConstructorAccessorImpl.newInstance0(Native Method)
at java.base/jdk.internal.reflect.NativeConstructorAccessorImpl.newInstance(NativeConstructorAccessorImpl.java:77)
at java.base/jdk.internal.reflect.DelegatingConstructorAccessorImpl.newInstance(DelegatingConstructorAccessorImpl.java:45)
at java.base/java.lang.reflect.Constructor.newInstanceWithCaller(Constructor.java:499)
at java.base/java.lang.reflect.Constructor.newInstance(Constructor.java:480)
at org.openqa.selenium.remote.codec.w3c.W3CHttpResponseCodec.createException(W3CHttpResponseCodec.java:200)
at org.openqa.selenium.remote.codec.w3c.W3CHttpResponseCodec.decode(W3CHttpResponseCodec.java:133)
at org.openqa.selenium.remote.codec.w3c.W3CHttpResponseCodec.decode(W3CHttpResponseCodec.java:53)
at org.openqa.selenium.remote.HttpCommandExecutor.execute(HttpCommandExecutor.java:184)
at io.appium.java_client.remote.AppiumCommandExecutor.execute(AppiumCommandExecutor.java:262)
at org.openqa.selenium.remote.RemoteWebDriver.execute(RemoteWebDriver.java:543)
at org.openqa.selenium.remote.RemoteWebDriver.execute(RemoteWebDriver.java:598)
at io.appium.java_client.AppiumDriver.execute(AppiumDriver.java:267)
at io.appium.java_client.CommandExecutionHelper.execute(CommandExecutionHelper.java:27)
at io.appium.java_client.android.StartsActivity.startActivity(StartsActivity.java:45)
at Backup.Actions.startHomeActivity(Actions.java:63)
at AllTestCases.Device1Tests.device1_WB_Test(Device1Tests.java:48)
at java.base/jdk.internal.reflect.NativeMethodAccessorImpl.invoke0(Native Method)
at java.base/jdk.internal.reflect.NativeMethodAccessorImpl.invoke(NativeMethodAccessorImpl.java:77)
at java.base/jdk.internal.reflect.DelegatingMethodAccessorImpl.invoke(DelegatingMethodAccessorImpl.java:43)
at java.base/java.lang.reflect.Method.invoke(Method.java:568)
at org.testng.internal.MethodInvocationHelper.invokeMethod(MethodInvocationHelper.java:133)
at org.testng.internal.TestInvoker.invokeMethod(TestInvoker.java:598)
at org.testng.internal.TestInvoker.invokeTestMethod(TestInvoker.java:173)
at org.testng.internal.MethodRunner.runInSequence(MethodRunner.java:46)
at org.testng.internal.TestInvoker$MethodInvocationAgent.invoke(TestInvoker.java:824)
at org.testng.internal.TestInvoker.invokeTestMethods(TestInvoker.java:146)
at org.testng.internal.TestMethodWorker.invokeTestMethods(TestMethodWorker.java:146)
at org.testng.internal.TestMethodWorker.run(TestMethodWorker.java:128)
at java.base/java.util.ArrayList.forEach(ArrayList.java:1511)
at org.testng.TestRunner.privateRun(TestRunner.java:794)
at org.testng.TestRunner.run(TestRunner.java:596)
at org.testng.SuiteRunner.runTest(SuiteRunner.java:377)
at org.testng.SuiteRunner.runSequentially(SuiteRunner.java:371)
at org.testng.SuiteRunner.privateRun(SuiteRunner.java:332)
at org.testng.SuiteRunner.run(SuiteRunner.java:276)
at org.testng.SuiteRunnerWorker.runSuite(SuiteRunnerWorker.java:53)
at org.testng.SuiteRunnerWorker.run(SuiteRunnerWorker.java:96)
at org.testng.TestNG.runSuitesSequentially(TestNG.java:1212)
at org.testng.TestNG.runSuitesLocally(TestNG.java:1134)
at org.testng.TestNG.runSuites(TestNG.java:1063)
at org.testng.TestNG.run(TestNG.java:1031)
at org.testng.remote.AbstractRemoteTestNG.run(AbstractRemoteTestNG.java:115)
at org.testng.remote.RemoteTestNG.initAndRun(RemoteTestNG.java:251)
at org.testng.remote.RemoteTestNG.main(RemoteTestNG.java:77)
]]>
            </full-stacktrace>
          </exception> <!-- org.openqa.selenium.WebDriverException -->
          <reporter-output>
          </reporter-output>
        </test-method> <!-- device1_WB_Test -->
        <test-method is-config="true" signature="stopAppiumServer()[pri:0, instance:AllTestCases.Device1Tests@1aa7ecca]" started-at="2023-02-03T17:12:11 IST" name="stopAppiumServer" finished-at="2023-02-03T17:12:11 IST" duration-ms="67" status="PASS">
          <reporter-output>
          </reporter-output>
        </test-method> <!-- stopAppiumServer -->
      </class> <!-- AllTestCases.Device1Tests -->
    </test> <!-- Test -->
  </suite> <!-- Suite -->
</testng-results>
